::1 - - [06/Mar/2022:15:27:31 +0000] "GET /home-products HTTP/1.1" 200 68 "http://localhost:3000/" "Mozilla/5.0 (Windows NT 10.0; Win64; x64) AppleWebKit/537.36 (KHTML, like Gecko) Chrome/99.0.4844.51 Safari/537.36"
::1 - - [06/Mar/2022:15:27:32 +0000] "GET /home-products HTTP/1.1" 304 - "http://localhost:3000/" "Mozilla/5.0 (Windows NT 10.0; Win64; x64) AppleWebKit/537.36 (KHTML, like Gecko) Chrome/99.0.4844.51 Safari/537.36"
::1 - - [06/Mar/2022:15:28:02 +0000] "OPTIONS /send-mail HTTP/1.1" 200 4 "http://localhost:3000/" "Mozilla/5.0 (Windows NT 10.0; Win64; x64) AppleWebKit/537.36 (KHTML, like Gecko) Chrome/99.0.4844.51 Safari/537.36"
::1 - - [06/Mar/2022:15:28:03 +0000] "POST /send-mail HTTP/1.1" 200 64 "http://localhost:3000/" "Mozilla/5.0 (Windows NT 10.0; Win64; x64) AppleWebKit/537.36 (KHTML, like Gecko) Chrome/99.0.4844.51 Safari/537.36"
::1 - - [06/Mar/2022:15:29:52 +0000] "GET /home-products HTTP/1.1" 304 - "http://localhost:3000/" "Mozilla/5.0 (Windows NT 10.0; Win64; x64) AppleWebKit/537.36 (KHTML, like Gecko) Chrome/99.0.4844.51 Safari/537.36"
::1 - - [06/Mar/2022:15:29:53 +0000] "GET /home-products HTTP/1.1" 304 - "http://localhost:3000/" "Mozilla/5.0 (Windows NT 10.0; Win64; x64) AppleWebKit/537.36 (KHTML, like Gecko) Chrome/99.0.4844.51 Safari/537.36"
::1 - - [06/Mar/2022:15:30:05 +0000] "OPTIONS /send-mail HTTP/1.1" 200 4 "http://localhost:3000/" "Mozilla/5.0 (Windows NT 10.0; Win64; x64) AppleWebKit/537.36 (KHTML, like Gecko) Chrome/99.0.4844.51 Safari/537.36"
::1 - - [06/Mar/2022:15:30:05 +0000] "POST /send-mail HTTP/1.1" 200 64 "http://localhost:3000/" "Mozilla/5.0 (Windows NT 10.0; Win64; x64) AppleWebKit/537.36 (KHTML, like Gecko) Chrome/99.0.4844.51 Safari/537.36"
::1 - - [06/Mar/2022:15:48:04 +0000] "GET /home-products HTTP/1.1" 304 - "http://localhost:3000/" "Mozilla/5.0 (Windows NT 10.0; Win64; x64) AppleWebKit/537.36 (KHTML, like Gecko) Chrome/99.0.4844.51 Safari/537.36"
::1 - - [06/Mar/2022:15:48:04 +0000] "GET /home-products HTTP/1.1" 304 - "http://localhost:3000/" "Mozilla/5.0 (Windows NT 10.0; Win64; x64) AppleWebKit/537.36 (KHTML, like Gecko) Chrome/99.0.4844.51 Safari/537.36"
::1 - - [06/Mar/2022:15:48:24 +0000] "OPTIONS /send-mail HTTP/1.1" 200 4 "http://localhost:3000/" "Mozilla/5.0 (Windows NT 10.0; Win64; x64) AppleWebKit/537.36 (KHTML, like Gecko) Chrome/99.0.4844.51 Safari/537.36"
::1 - - [06/Mar/2022:15:48:24 +0000] "POST /send-mail HTTP/1.1" 200 64 "http://localhost:3000/" "Mozilla/5.0 (Windows NT 10.0; Win64; x64) AppleWebKit/537.36 (KHTML, like Gecko) Chrome/99.0.4844.51 Safari/537.36"
::1 - - [07/Mar/2022:07:12:27 +0000] "OPTIONS /person-result HTTP/1.1" 200 4 "http://localhost:3000/" "Mozilla/5.0 (Windows NT 10.0; Win64; x64) AppleWebKit/537.36 (KHTML, like Gecko) Chrome/99.0.4844.51 Safari/537.36"
::1 - - [07/Mar/2022:07:12:28 +0000] "POST /person-result HTTP/1.1" 200 626 "http://localhost:3000/" "Mozilla/5.0 (Windows NT 10.0; Win64; x64) AppleWebKit/537.36 (KHTML, like Gecko) Chrome/99.0.4844.51 Safari/537.36"
::1 - - [07/Mar/2022:07:12:32 +0000] "GET /home-products HTTP/1.1" 304 - "http://localhost:3000/" "Mozilla/5.0 (Windows NT 10.0; Win64; x64) AppleWebKit/537.36 (KHTML, like Gecko) Chrome/99.0.4844.51 Safari/537.36"
::1 - - [07/Mar/2022:07:12:33 +0000] "GET /home-products HTTP/1.1" 304 - "http://localhost:3000/" "Mozilla/5.0 (Windows NT 10.0; Win64; x64) AppleWebKit/537.36 (KHTML, like Gecko) Chrome/99.0.4844.51 Safari/537.36"
::1 - - [07/Mar/2022:07:15:01 +0000] "OPTIONS /cart HTTP/1.1" 200 4 "http://localhost:3000/" "Mozilla/5.0 (Windows NT 10.0; Win64; x64) AppleWebKit/537.36 (KHTML, like Gecko) Chrome/99.0.4844.51 Safari/537.36"
::1 - - [07/Mar/2022:07:15:02 +0000] "GET /home-products HTTP/1.1" 304 - "http://localhost:3000/" "Mozilla/5.0 (Windows NT 10.0; Win64; x64) AppleWebKit/537.36 (KHTML, like Gecko) Chrome/99.0.4844.51 Safari/537.36"
::1 - - [07/Mar/2022:07:15:02 +0000] "POST /cart HTTP/1.1" 200 36 "http://localhost:3000/" "Mozilla/5.0 (Windows NT 10.0; Win64; x64) AppleWebKit/537.36 (KHTML, like Gecko) Chrome/99.0.4844.51 Safari/537.36"
::1 - - [07/Mar/2022:07:15:02 +0000] "GET /home-products HTTP/1.1" 304 - "http://localhost:3000/" "Mozilla/5.0 (Windows NT 10.0; Win64; x64) AppleWebKit/537.36 (KHTML, like Gecko) Chrome/99.0.4844.51 Safari/537.36"
::1 - - [07/Mar/2022:07:15:32 +0000] "POST /add-product HTTP/1.1" 200 40 "http://localhost:3000/" "Mozilla/5.0 (Windows NT 10.0; Win64; x64) AppleWebKit/537.36 (KHTML, like Gecko) Chrome/99.0.4844.51 Safari/537.36"
::1 - - [07/Mar/2022:07:15:34 +0000] "GET /home-products HTTP/1.1" 200 374 "http://localhost:3000/" "Mozilla/5.0 (Windows NT 10.0; Win64; x64) AppleWebKit/537.36 (KHTML, like Gecko) Chrome/99.0.4844.51 Safari/537.36"
::1 - - [07/Mar/2022:07:15:34 +0000] "GET /home-products HTTP/1.1" 304 - "http://localhost:3000/" "Mozilla/5.0 (Windows NT 10.0; Win64; x64) AppleWebKit/537.36 (KHTML, like Gecko) Chrome/99.0.4844.51 Safari/537.36"
::1 - - [07/Mar/2022:07:15:54 +0000] "OPTIONS /account HTTP/1.1" 200 4 "http://localhost:3000/" "Mozilla/5.0 (Windows NT 10.0; Win64; x64) AppleWebKit/537.36 (KHTML, like Gecko) Chrome/99.0.4844.51 Safari/537.36"
::1 - - [07/Mar/2022:07:15:54 +0000] "POST /account HTTP/1.1" 200 915 "http://localhost:3000/" "Mozilla/5.0 (Windows NT 10.0; Win64; x64) AppleWebKit/537.36 (KHTML, like Gecko) Chrome/99.0.4844.51 Safari/537.36"
::1 - - [07/Mar/2022:07:15:57 +0000] "OPTIONS /delete-product HTTP/1.1" 200 4 "http://localhost:3000/" "Mozilla/5.0 (Windows NT 10.0; Win64; x64) AppleWebKit/537.36 (KHTML, like Gecko) Chrome/99.0.4844.51 Safari/537.36"
::1 - - [07/Mar/2022:07:15:58 +0000] "POST /delete-product HTTP/1.1" 200 57 "http://localhost:3000/" "Mozilla/5.0 (Windows NT 10.0; Win64; x64) AppleWebKit/537.36 (KHTML, like Gecko) Chrome/99.0.4844.51 Safari/537.36"
::1 - - [07/Mar/2022:07:16:02 +0000] "OPTIONS /cart HTTP/1.1" 200 4 "http://localhost:3000/" "Mozilla/5.0 (Windows NT 10.0; Win64; x64) AppleWebKit/537.36 (KHTML, like Gecko) Chrome/99.0.4844.51 Safari/537.36"
::1 - - [07/Mar/2022:07:16:02 +0000] "OPTIONS /account HTTP/1.1" 200 4 "http://localhost:3000/" "Mozilla/5.0 (Windows NT 10.0; Win64; x64) AppleWebKit/537.36 (KHTML, like Gecko) Chrome/99.0.4844.51 Safari/537.36"
::1 - - [07/Mar/2022:07:16:02 +0000] "POST /cart HTTP/1.1" 200 36 "http://localhost:3000/" "Mozilla/5.0 (Windows NT 10.0; Win64; x64) AppleWebKit/537.36 (KHTML, like Gecko) Chrome/99.0.4844.51 Safari/537.36"
::1 - - [07/Mar/2022:07:16:03 +0000] "POST /account HTTP/1.1" 200 609 "http://localhost:3000/" "Mozilla/5.0 (Windows NT 10.0; Win64; x64) AppleWebKit/537.36 (KHTML, like Gecko) Chrome/99.0.4844.51 Safari/537.36"
::1 - - [07/Mar/2022:12:04:20 +0000] "OPTIONS /cart HTTP/1.1" 200 4 "http://localhost:3000/" "Mozilla/5.0 (Windows NT 10.0; Win64; x64) AppleWebKit/537.36 (KHTML, like Gecko) Chrome/99.0.4844.51 Safari/537.36"
::1 - - [07/Mar/2022:12:04:22 +0000] "GET /home-products HTTP/1.1" 200 68 "http://localhost:3000/" "Mozilla/5.0 (Windows NT 10.0; Win64; x64) AppleWebKit/537.36 (KHTML, like Gecko) Chrome/99.0.4844.51 Safari/537.36"
::1 - - [07/Mar/2022:12:04:23 +0000] "POST /cart HTTP/1.1" 200 36 "http://localhost:3000/" "Mozilla/5.0 (Windows NT 10.0; Win64; x64) AppleWebKit/537.36 (KHTML, like Gecko) Chrome/99.0.4844.51 Safari/537.36"
::1 - - [07/Mar/2022:12:04:23 +0000] "GET /home-products HTTP/1.1" 304 - "http://localhost:3000/" "Mozilla/5.0 (Windows NT 10.0; Win64; x64) AppleWebKit/537.36 (KHTML, like Gecko) Chrome/99.0.4844.51 Safari/537.36"
::1 - - [07/Mar/2022:13:45:33 +0000] "OPTIONS /cart HTTP/1.1" 200 4 "http://localhost:3000/" "Mozilla/5.0 (Windows NT 10.0; Win64; x64) AppleWebKit/537.36 (KHTML, like Gecko) Chrome/99.0.4844.51 Safari/537.36"
::1 - - [07/Mar/2022:13:45:35 +0000] "POST /cart HTTP/1.1" 200 36 "http://localhost:3000/" "Mozilla/5.0 (Windows NT 10.0; Win64; x64) AppleWebKit/537.36 (KHTML, like Gecko) Chrome/99.0.4844.51 Safari/537.36"
::1 - - [07/Mar/2022:13:45:35 +0000] "GET /home-products HTTP/1.1" 304 - "http://localhost:3000/" "Mozilla/5.0 (Windows NT 10.0; Win64; x64) AppleWebKit/537.36 (KHTML, like Gecko) Chrome/99.0.4844.51 Safari/537.36"
::1 - - [07/Mar/2022:13:45:38 +0000] "GET /home-products HTTP/1.1" 304 - "http://localhost:3000/" "Mozilla/5.0 (Windows NT 10.0; Win64; x64) AppleWebKit/537.36 (KHTML, like Gecko) Chrome/99.0.4844.51 Safari/537.36"
::1 - - [07/Mar/2022:15:34:16 +0000] "OPTIONS /cart HTTP/1.1" 200 4 "http://localhost:3000/" "Mozilla/5.0 (Windows NT 10.0; Win64; x64) AppleWebKit/537.36 (KHTML, like Gecko) Chrome/99.0.4844.51 Safari/537.36"
::1 - - [07/Mar/2022:15:34:17 +0000] "POST /cart HTTP/1.1" 200 36 "http://localhost:3000/" "Mozilla/5.0 (Windows NT 10.0; Win64; x64) AppleWebKit/537.36 (KHTML, like Gecko) Chrome/99.0.4844.51 Safari/537.36"
::1 - - [07/Mar/2022:15:34:17 +0000] "GET /home-products HTTP/1.1" 304 - "http://localhost:3000/" "Mozilla/5.0 (Windows NT 10.0; Win64; x64) AppleWebKit/537.36 (KHTML, like Gecko) Chrome/99.0.4844.51 Safari/537.36"
::1 - - [07/Mar/2022:15:34:17 +0000] "GET /home-products HTTP/1.1" 304 - "http://localhost:3000/" "Mozilla/5.0 (Windows NT 10.0; Win64; x64) AppleWebKit/537.36 (KHTML, like Gecko) Chrome/99.0.4844.51 Safari/537.36"
::1 - - [07/Mar/2022:15:35:37 +0000] "OPTIONS /cart HTTP/1.1" 200 4 "http://localhost:3000/" "Mozilla/5.0 (Windows NT 10.0; Win64; x64) AppleWebKit/537.36 (KHTML, like Gecko) Chrome/99.0.4844.51 Safari/537.36"
::1 - - [07/Mar/2022:15:35:37 +0000] "POST /cart HTTP/1.1" 200 36 "http://localhost:3000/" "Mozilla/5.0 (Windows NT 10.0; Win64; x64) AppleWebKit/537.36 (KHTML, like Gecko) Chrome/99.0.4844.51 Safari/537.36"
::1 - - [07/Mar/2022:15:36:25 +0000] "OPTIONS /cart HTTP/1.1" 200 4 "http://localhost:3000/" "Mozilla/5.0 (Windows NT 10.0; Win64; x64) AppleWebKit/537.36 (KHTML, like Gecko) Chrome/99.0.4844.51 Safari/537.36"
::1 - - [07/Mar/2022:15:36:25 +0000] "POST /cart HTTP/1.1" 200 36 "http://localhost:3000/" "Mozilla/5.0 (Windows NT 10.0; Win64; x64) AppleWebKit/537.36 (KHTML, like Gecko) Chrome/99.0.4844.51 Safari/537.36"
::1 - - [07/Mar/2022:15:37:10 +0000] "OPTIONS /cart HTTP/1.1" 200 4 "http://localhost:3000/" "Mozilla/5.0 (Windows NT 10.0; Win64; x64) AppleWebKit/537.36 (KHTML, like Gecko) Chrome/99.0.4844.51 Safari/537.36"
::1 - - [07/Mar/2022:15:37:11 +0000] "POST /cart HTTP/1.1" 200 36 "http://localhost:3000/" "Mozilla/5.0 (Windows NT 10.0; Win64; x64) AppleWebKit/537.36 (KHTML, like Gecko) Chrome/99.0.4844.51 Safari/537.36"
::1 - - [07/Mar/2022:15:38:11 +0000] "OPTIONS /cart HTTP/1.1" 200 4 "http://localhost:3000/" "Mozilla/5.0 (Windows NT 10.0; Win64; x64) AppleWebKit/537.36 (KHTML, like Gecko) Chrome/99.0.4844.51 Safari/537.36"
::1 - - [07/Mar/2022:15:38:11 +0000] "POST /cart HTTP/1.1" 200 36 "http://localhost:3000/" "Mozilla/5.0 (Windows NT 10.0; Win64; x64) AppleWebKit/537.36 (KHTML, like Gecko) Chrome/99.0.4844.51 Safari/537.36"
::1 - - [07/Mar/2022:15:38:29 +0000] "OPTIONS /cart HTTP/1.1" 200 4 "http://localhost:3000/" "Mozilla/5.0 (Windows NT 10.0; Win64; x64) AppleWebKit/537.36 (KHTML, like Gecko) Chrome/99.0.4844.51 Safari/537.36"
::1 - - [07/Mar/2022:15:38:29 +0000] "POST /cart HTTP/1.1" 200 36 "http://localhost:3000/" "Mozilla/5.0 (Windows NT 10.0; Win64; x64) AppleWebKit/537.36 (KHTML, like Gecko) Chrome/99.0.4844.51 Safari/537.36"
::1 - - [07/Mar/2022:15:39:01 +0000] "OPTIONS /cart HTTP/1.1" 200 4 "http://localhost:3000/" "Mozilla/5.0 (Windows NT 10.0; Win64; x64) AppleWebKit/537.36 (KHTML, like Gecko) Chrome/99.0.4844.51 Safari/537.36"
::1 - - [07/Mar/2022:15:39:01 +0000] "POST /cart HTTP/1.1" 200 36 "http://localhost:3000/" "Mozilla/5.0 (Windows NT 10.0; Win64; x64) AppleWebKit/537.36 (KHTML, like Gecko) Chrome/99.0.4844.51 Safari/537.36"
::1 - - [07/Mar/2022:15:39:02 +0000] "POST /cart HTTP/1.1" 200 36 "http://localhost:3000/" "Mozilla/5.0 (Windows NT 10.0; Win64; x64) AppleWebKit/537.36 (KHTML, like Gecko) Chrome/99.0.4844.51 Safari/537.36"
::1 - - [07/Mar/2022:15:40:04 +0000] "OPTIONS /cart HTTP/1.1" 200 4 "http://localhost:3000/" "Mozilla/5.0 (Windows NT 10.0; Win64; x64) AppleWebKit/537.36 (KHTML, like Gecko) Chrome/99.0.4844.51 Safari/537.36"
::1 - - [07/Mar/2022:15:40:04 +0000] "POST /cart HTTP/1.1" 200 36 "http://localhost:3000/" "Mozilla/5.0 (Windows NT 10.0; Win64; x64) AppleWebKit/537.36 (KHTML, like Gecko) Chrome/99.0.4844.51 Safari/537.36"
::1 - - [07/Mar/2022:15:40:12 +0000] "OPTIONS /cart HTTP/1.1" 200 4 "http://localhost:3000/" "Mozilla/5.0 (Windows NT 10.0; Win64; x64) AppleWebKit/537.36 (KHTML, like Gecko) Chrome/99.0.4844.51 Safari/537.36"
::1 - - [07/Mar/2022:15:40:12 +0000] "POST /cart HTTP/1.1" 200 36 "http://localhost:3000/" "Mozilla/5.0 (Windows NT 10.0; Win64; x64) AppleWebKit/537.36 (KHTML, like Gecko) Chrome/99.0.4844.51 Safari/537.36"
::1 - - [07/Mar/2022:15:40:22 +0000] "OPTIONS /cart HTTP/1.1" 200 4 "http://localhost:3000/" "Mozilla/5.0 (Windows NT 10.0; Win64; x64) AppleWebKit/537.36 (KHTML, like Gecko) Chrome/99.0.4844.51 Safari/537.36"
::1 - - [07/Mar/2022:15:40:22 +0000] "POST /cart HTTP/1.1" 200 36 "http://localhost:3000/" "Mozilla/5.0 (Windows NT 10.0; Win64; x64) AppleWebKit/537.36 (KHTML, like Gecko) Chrome/99.0.4844.51 Safari/537.36"
::1 - - [07/Mar/2022:15:40:26 +0000] "POST /cart HTTP/1.1" 200 36 "http://localhost:3000/" "Mozilla/5.0 (Windows NT 10.0; Win64; x64) AppleWebKit/537.36 (KHTML, like Gecko) Chrome/99.0.4844.51 Safari/537.36"
::1 - - [07/Mar/2022:15:41:17 +0000] "OPTIONS /cart HTTP/1.1" 200 4 "http://localhost:3000/" "Mozilla/5.0 (Windows NT 10.0; Win64; x64) AppleWebKit/537.36 (KHTML, like Gecko) Chrome/99.0.4844.51 Safari/537.36"
::1 - - [07/Mar/2022:15:41:17 +0000] "POST /cart HTTP/1.1" 200 36 "http://localhost:3000/" "Mozilla/5.0 (Windows NT 10.0; Win64; x64) AppleWebKit/537.36 (KHTML, like Gecko) Chrome/99.0.4844.51 Safari/537.36"
::1 - - [07/Mar/2022:15:46:12 +0000] "OPTIONS /cart HTTP/1.1" 200 4 "http://localhost:3000/" "Mozilla/5.0 (Windows NT 10.0; Win64; x64) AppleWebKit/537.36 (KHTML, like Gecko) Chrome/99.0.4844.51 Safari/537.36"
::1 - - [07/Mar/2022:15:46:13 +0000] "POST /cart HTTP/1.1" 200 36 "http://localhost:3000/" "Mozilla/5.0 (Windows NT 10.0; Win64; x64) AppleWebKit/537.36 (KHTML, like Gecko) Chrome/99.0.4844.51 Safari/537.36"
::1 - - [07/Mar/2022:15:46:14 +0000] "POST /cart HTTP/1.1" 200 36 "http://localhost:3000/" "Mozilla/5.0 (Windows NT 10.0; Win64; x64) AppleWebKit/537.36 (KHTML, like Gecko) Chrome/99.0.4844.51 Safari/537.36"
::1 - - [07/Mar/2022:15:48:52 +0000] "OPTIONS /cart HTTP/1.1" 200 4 "http://localhost:3000/" "Mozilla/5.0 (Windows NT 10.0; Win64; x64) AppleWebKit/537.36 (KHTML, like Gecko) Chrome/99.0.4844.51 Safari/537.36"
::1 - - [07/Mar/2022:15:48:52 +0000] "POST /cart HTTP/1.1" 200 36 "http://localhost:3000/" "Mozilla/5.0 (Windows NT 10.0; Win64; x64) AppleWebKit/537.36 (KHTML, like Gecko) Chrome/99.0.4844.51 Safari/537.36"
::1 - - [07/Mar/2022:15:51:16 +0000] "OPTIONS /cart HTTP/1.1" 200 4 "http://localhost:3000/" "Mozilla/5.0 (Windows NT 10.0; Win64; x64) AppleWebKit/537.36 (KHTML, like Gecko) Chrome/99.0.4844.51 Safari/537.36"
::1 - - [07/Mar/2022:15:51:16 +0000] "POST /cart HTTP/1.1" 200 36 "http://localhost:3000/" "Mozilla/5.0 (Windows NT 10.0; Win64; x64) AppleWebKit/537.36 (KHTML, like Gecko) Chrome/99.0.4844.51 Safari/537.36"
::1 - - [07/Mar/2022:15:51:25 +0000] "OPTIONS /cart HTTP/1.1" 200 4 "http://localhost:3000/" "Mozilla/5.0 (Windows NT 10.0; Win64; x64) AppleWebKit/537.36 (KHTML, like Gecko) Chrome/99.0.4844.51 Safari/537.36"
::1 - - [07/Mar/2022:15:51:32 +0000] "POST /cart HTTP/1.1" 200 36 "http://localhost:3000/" "Mozilla/5.0 (Windows NT 10.0; Win64; x64) AppleWebKit/537.36 (KHTML, like Gecko) Chrome/99.0.4844.51 Safari/537.36"
::1 - - [07/Mar/2022:15:51:34 +0000] "POST /cart HTTP/1.1" 200 36 "http://localhost:3000/" "Mozilla/5.0 (Windows NT 10.0; Win64; x64) AppleWebKit/537.36 (KHTML, like Gecko) Chrome/99.0.4844.51 Safari/537.36"
::1 - - [07/Mar/2022:15:51:41 +0000] "OPTIONS /cart HTTP/1.1" 200 4 "http://localhost:3000/" "Mozilla/5.0 (Windows NT 10.0; Win64; x64) AppleWebKit/537.36 (KHTML, like Gecko) Chrome/99.0.4844.51 Safari/537.36"
::1 - - [07/Mar/2022:15:51:41 +0000] "POST /cart HTTP/1.1" 200 36 "http://localhost:3000/" "Mozilla/5.0 (Windows NT 10.0; Win64; x64) AppleWebKit/537.36 (KHTML, like Gecko) Chrome/99.0.4844.51 Safari/537.36"
::1 - - [07/Mar/2022:15:52:04 +0000] "OPTIONS /cart HTTP/1.1" 200 4 "http://localhost:3000/" "Mozilla/5.0 (Windows NT 10.0; Win64; x64) AppleWebKit/537.36 (KHTML, like Gecko) Chrome/99.0.4844.51 Safari/537.36"
::1 - - [07/Mar/2022:15:52:04 +0000] "POST /cart HTTP/1.1" 200 36 "http://localhost:3000/" "Mozilla/5.0 (Windows NT 10.0; Win64; x64) AppleWebKit/537.36 (KHTML, like Gecko) Chrome/99.0.4844.51 Safari/537.36"
::1 - - [07/Mar/2022:15:52:18 +0000] "OPTIONS /cart HTTP/1.1" 200 4 "http://localhost:3000/" "Mozilla/5.0 (Windows NT 10.0; Win64; x64) AppleWebKit/537.36 (KHTML, like Gecko) Chrome/99.0.4844.51 Safari/537.36"
::1 - - [07/Mar/2022:15:52:18 +0000] "POST /cart HTTP/1.1" 200 36 "http://localhost:3000/" "Mozilla/5.0 (Windows NT 10.0; Win64; x64) AppleWebKit/537.36 (KHTML, like Gecko) Chrome/99.0.4844.51 Safari/537.36"
::1 - - [07/Mar/2022:15:52:22 +0000] "POST /cart HTTP/1.1" 200 36 "http://localhost:3000/" "Mozilla/5.0 (Windows NT 10.0; Win64; x64) AppleWebKit/537.36 (KHTML, like Gecko) Chrome/99.0.4844.51 Safari/537.36"
::1 - - [07/Mar/2022:16:27:53 +0000] "OPTIONS /cart HTTP/1.1" 200 4 "http://localhost:3000/" "Mozilla/5.0 (Windows NT 10.0; Win64; x64) AppleWebKit/537.36 (KHTML, like Gecko) Chrome/99.0.4844.51 Safari/537.36"
::1 - - [07/Mar/2022:16:27:53 +0000] "POST /cart HTTP/1.1" 200 36 "http://localhost:3000/" "Mozilla/5.0 (Windows NT 10.0; Win64; x64) AppleWebKit/537.36 (KHTML, like Gecko) Chrome/99.0.4844.51 Safari/537.36"
::1 - - [07/Mar/2022:16:28:04 +0000] "OPTIONS /cart HTTP/1.1" 200 4 "http://localhost:3000/" "Mozilla/5.0 (Windows NT 10.0; Win64; x64) AppleWebKit/537.36 (KHTML, like Gecko) Chrome/99.0.4844.51 Safari/537.36"
::1 - - [07/Mar/2022:16:28:04 +0000] "POST /cart HTTP/1.1" 200 36 "http://localhost:3000/" "Mozilla/5.0 (Windows NT 10.0; Win64; x64) AppleWebKit/537.36 (KHTML, like Gecko) Chrome/99.0.4844.51 Safari/537.36"
::1 - - [07/Mar/2022:16:28:50 +0000] "OPTIONS /add-product HTTP/1.1" 200 4 "http://localhost:3000/" "Mozilla/5.0 (Windows NT 10.0; Win64; x64) AppleWebKit/537.36 (KHTML, like Gecko) Chrome/99.0.4844.51 Safari/537.36"
::1 - - [07/Mar/2022:16:28:50 +0000] "POST /add-product HTTP/1.1" 200 452 "http://localhost:3000/" "Mozilla/5.0 (Windows NT 10.0; Win64; x64) AppleWebKit/537.36 (KHTML, like Gecko) Chrome/99.0.4844.51 Safari/537.36"
::1 - - [07/Mar/2022:16:29:01 +0000] "GET /home-products HTTP/1.1" 200 349 "http://localhost:3000/" "Mozilla/5.0 (Windows NT 10.0; Win64; x64) AppleWebKit/537.36 (KHTML, like Gecko) Chrome/99.0.4844.51 Safari/537.36"
::1 - - [07/Mar/2022:16:29:01 +0000] "GET /photographyImageSections/images%20(6).jpeg HTTP/1.1" 404 181 "http://localhost:3000/" "Mozilla/5.0 (Windows NT 10.0; Win64; x64) AppleWebKit/537.36 (KHTML, like Gecko) Chrome/99.0.4844.51 Safari/537.36"
::1 - - [07/Mar/2022:16:29:01 +0000] "GET /home-products HTTP/1.1" 304 - "http://localhost:3000/" "Mozilla/5.0 (Windows NT 10.0; Win64; x64) AppleWebKit/537.36 (KHTML, like Gecko) Chrome/99.0.4844.51 Safari/537.36"
::1 - - [07/Mar/2022:16:30:50 +0000] "OPTIONS /cart HTTP/1.1" 200 4 "http://localhost:3000/" "Mozilla/5.0 (Windows NT 10.0; Win64; x64) AppleWebKit/537.36 (KHTML, like Gecko) Chrome/99.0.4844.51 Safari/537.36"
::1 - - [07/Mar/2022:16:30:51 +0000] "POST /cart HTTP/1.1" 200 36 "http://localhost:3000/" "Mozilla/5.0 (Windows NT 10.0; Win64; x64) AppleWebKit/537.36 (KHTML, like Gecko) Chrome/99.0.4844.51 Safari/537.36"
::1 - - [07/Mar/2022:16:30:52 +0000] "POST /cart HTTP/1.1" 200 36 "http://localhost:3000/" "Mozilla/5.0 (Windows NT 10.0; Win64; x64) AppleWebKit/537.36 (KHTML, like Gecko) Chrome/99.0.4844.51 Safari/537.36"
::1 - - [07/Mar/2022:16:30:54 +0000] "POST /cart HTTP/1.1" 200 36 "http://localhost:3000/" "Mozilla/5.0 (Windows NT 10.0; Win64; x64) AppleWebKit/537.36 (KHTML, like Gecko) Chrome/99.0.4844.51 Safari/537.36"
::1 - - [07/Mar/2022:16:31:05 +0000] "OPTIONS /cart HTTP/1.1" 200 4 "http://localhost:3000/" "Mozilla/5.0 (Windows NT 10.0; Win64; x64) AppleWebKit/537.36 (KHTML, like Gecko) Chrome/99.0.4844.51 Safari/537.36"
::1 - - [07/Mar/2022:16:31:05 +0000] "POST /cart HTTP/1.1" 200 36 "http://localhost:3000/" "Mozilla/5.0 (Windows NT 10.0; Win64; x64) AppleWebKit/537.36 (KHTML, like Gecko) Chrome/99.0.4844.51 Safari/537.36"
::1 - - [07/Mar/2022:16:31:06 +0000] "POST /cart HTTP/1.1" 200 36 "http://localhost:3000/" "Mozilla/5.0 (Windows NT 10.0; Win64; x64) AppleWebKit/537.36 (KHTML, like Gecko) Chrome/99.0.4844.51 Safari/537.36"
::1 - - [07/Mar/2022:16:31:51 +0000] "OPTIONS /cart HTTP/1.1" 200 4 "http://localhost:3000/" "Mozilla/5.0 (Windows NT 10.0; Win64; x64) AppleWebKit/537.36 (KHTML, like Gecko) Chrome/99.0.4844.51 Safari/537.36"
::1 - - [07/Mar/2022:16:31:51 +0000] "POST /cart HTTP/1.1" 200 36 "http://localhost:3000/" "Mozilla/5.0 (Windows NT 10.0; Win64; x64) AppleWebKit/537.36 (KHTML, like Gecko) Chrome/99.0.4844.51 Safari/537.36"
::1 - - [07/Mar/2022:16:32:23 +0000] "OPTIONS /cart HTTP/1.1" 200 4 "http://localhost:3000/" "Mozilla/5.0 (Windows NT 10.0; Win64; x64) AppleWebKit/537.36 (KHTML, like Gecko) Chrome/99.0.4844.51 Safari/537.36"
::1 - - [07/Mar/2022:16:32:23 +0000] "POST /cart HTTP/1.1" 200 36 "http://localhost:3000/" "Mozilla/5.0 (Windows NT 10.0; Win64; x64) AppleWebKit/537.36 (KHTML, like Gecko) Chrome/99.0.4844.51 Safari/537.36"
::1 - - [07/Mar/2022:16:34:53 +0000] "OPTIONS /cart HTTP/1.1" 200 4 "http://localhost:3000/" "Mozilla/5.0 (Windows NT 10.0; Win64; x64) AppleWebKit/537.36 (KHTML, like Gecko) Chrome/99.0.4844.51 Safari/537.36"
::1 - - [07/Mar/2022:16:34:53 +0000] "POST /cart HTTP/1.1" 200 36 "http://localhost:3000/" "Mozilla/5.0 (Windows NT 10.0; Win64; x64) AppleWebKit/537.36 (KHTML, like Gecko) Chrome/99.0.4844.51 Safari/537.36"
::1 - - [07/Mar/2022:16:36:11 +0000] "OPTIONS /cart HTTP/1.1" 200 4 "http://localhost:3000/" "Mozilla/5.0 (Windows NT 10.0; Win64; x64) AppleWebKit/537.36 (KHTML, like Gecko) Chrome/99.0.4844.51 Safari/537.36"
::1 - - [07/Mar/2022:16:36:11 +0000] "POST /cart HTTP/1.1" 200 36 "http://localhost:3000/" "Mozilla/5.0 (Windows NT 10.0; Win64; x64) AppleWebKit/537.36 (KHTML, like Gecko) Chrome/99.0.4844.51 Safari/537.36"
::1 - - [07/Mar/2022:16:36:34 +0000] "OPTIONS /cart HTTP/1.1" 200 4 "http://localhost:3000/" "Mozilla/5.0 (Windows NT 10.0; Win64; x64) AppleWebKit/537.36 (KHTML, like Gecko) Chrome/99.0.4844.51 Safari/537.36"
::1 - - [07/Mar/2022:16:36:34 +0000] "POST /cart HTTP/1.1" 200 36 "http://localhost:3000/" "Mozilla/5.0 (Windows NT 10.0; Win64; x64) AppleWebKit/537.36 (KHTML, like Gecko) Chrome/99.0.4844.51 Safari/537.36"
::1 - - [07/Mar/2022:16:36:42 +0000] "OPTIONS /cart HTTP/1.1" 200 4 "http://localhost:3000/" "Mozilla/5.0 (Windows NT 10.0; Win64; x64) AppleWebKit/537.36 (KHTML, like Gecko) Chrome/99.0.4844.51 Safari/537.36"
::1 - - [07/Mar/2022:16:36:42 +0000] "POST /cart HTTP/1.1" 200 36 "http://localhost:3000/" "Mozilla/5.0 (Windows NT 10.0; Win64; x64) AppleWebKit/537.36 (KHTML, like Gecko) Chrome/99.0.4844.51 Safari/537.36"
::1 - - [07/Mar/2022:16:36:43 +0000] "POST /cart HTTP/1.1" 200 36 "http://localhost:3000/" "Mozilla/5.0 (Windows NT 10.0; Win64; x64) AppleWebKit/537.36 (KHTML, like Gecko) Chrome/99.0.4844.51 Safari/537.36"
::1 - - [07/Mar/2022:16:37:15 +0000] "OPTIONS /cart HTTP/1.1" 200 4 "http://localhost:3000/" "Mozilla/5.0 (Windows NT 10.0; Win64; x64) AppleWebKit/537.36 (KHTML, like Gecko) Chrome/99.0.4844.51 Safari/537.36"
::1 - - [07/Mar/2022:16:37:15 +0000] "POST /cart HTTP/1.1" 200 36 "http://localhost:3000/" "Mozilla/5.0 (Windows NT 10.0; Win64; x64) AppleWebKit/537.36 (KHTML, like Gecko) Chrome/99.0.4844.51 Safari/537.36"
::1 - - [07/Mar/2022:16:37:38 +0000] "OPTIONS /cart HTTP/1.1" 200 4 "http://localhost:3000/" "Mozilla/5.0 (Windows NT 10.0; Win64; x64) AppleWebKit/537.36 (KHTML, like Gecko) Chrome/99.0.4844.51 Safari/537.36"
::1 - - [07/Mar/2022:16:37:38 +0000] "POST /cart HTTP/1.1" 200 36 "http://localhost:3000/" "Mozilla/5.0 (Windows NT 10.0; Win64; x64) AppleWebKit/537.36 (KHTML, like Gecko) Chrome/99.0.4844.51 Safari/537.36"
::1 - - [07/Mar/2022:16:37:39 +0000] "POST /cart HTTP/1.1" 200 36 "http://localhost:3000/" "Mozilla/5.0 (Windows NT 10.0; Win64; x64) AppleWebKit/537.36 (KHTML, like Gecko) Chrome/99.0.4844.51 Safari/537.36"
::1 - - [07/Mar/2022:16:40:57 +0000] "OPTIONS /cart HTTP/1.1" 200 4 "http://localhost:3000/" "Mozilla/5.0 (Windows NT 10.0; Win64; x64) AppleWebKit/537.36 (KHTML, like Gecko) Chrome/99.0.4844.51 Safari/537.36"
::1 - - [07/Mar/2022:16:40:57 +0000] "POST /cart HTTP/1.1" 200 36 "http://localhost:3000/" "Mozilla/5.0 (Windows NT 10.0; Win64; x64) AppleWebKit/537.36 (KHTML, like Gecko) Chrome/99.0.4844.51 Safari/537.36"
::1 - - [07/Mar/2022:16:41:30 +0000] "OPTIONS /cart HTTP/1.1" 200 4 "http://localhost:3000/" "Mozilla/5.0 (Windows NT 10.0; Win64; x64) AppleWebKit/537.36 (KHTML, like Gecko) Chrome/99.0.4844.51 Safari/537.36"
::1 - - [07/Mar/2022:16:41:30 +0000] "POST /cart HTTP/1.1" 200 36 "http://localhost:3000/" "Mozilla/5.0 (Windows NT 10.0; Win64; x64) AppleWebKit/537.36 (KHTML, like Gecko) Chrome/99.0.4844.51 Safari/537.36"
::1 - - [07/Mar/2022:16:43:37 +0000] "OPTIONS /cart HTTP/1.1" 200 4 "http://localhost:3000/" "Mozilla/5.0 (Windows NT 10.0; Win64; x64) AppleWebKit/537.36 (KHTML, like Gecko) Chrome/99.0.4844.51 Safari/537.36"
::1 - - [07/Mar/2022:16:43:37 +0000] "POST /cart HTTP/1.1" 200 36 "http://localhost:3000/" "Mozilla/5.0 (Windows NT 10.0; Win64; x64) AppleWebKit/537.36 (KHTML, like Gecko) Chrome/99.0.4844.51 Safari/537.36"
::1 - - [07/Mar/2022:16:43:41 +0000] "POST /cart HTTP/1.1" 200 36 "http://localhost:3000/" "Mozilla/5.0 (Windows NT 10.0; Win64; x64) AppleWebKit/537.36 (KHTML, like Gecko) Chrome/99.0.4844.51 Safari/537.36"
::1 - - [07/Mar/2022:16:43:42 +0000] "POST /cart HTTP/1.1" 200 36 "http://localhost:3000/" "Mozilla/5.0 (Windows NT 10.0; Win64; x64) AppleWebKit/537.36 (KHTML, like Gecko) Chrome/99.0.4844.51 Safari/537.36"
::1 - - [07/Mar/2022:16:44:15 +0000] "OPTIONS /cart HTTP/1.1" 200 4 "http://localhost:3000/" "Mozilla/5.0 (Windows NT 10.0; Win64; x64) AppleWebKit/537.36 (KHTML, like Gecko) Chrome/99.0.4844.51 Safari/537.36"
::1 - - [07/Mar/2022:16:44:15 +0000] "GET /home-products HTTP/1.1" 200 68 "http://localhost:3000/" "Mozilla/5.0 (Windows NT 10.0; Win64; x64) AppleWebKit/537.36 (KHTML, like Gecko) Chrome/99.0.4844.51 Safari/537.36"
::1 - - [07/Mar/2022:16:44:17 +0000] "GET /home-products HTTP/1.1" 304 - "http://localhost:3000/" "Mozilla/5.0 (Windows NT 10.0; Win64; x64) AppleWebKit/537.36 (KHTML, like Gecko) Chrome/99.0.4844.51 Safari/537.36"
::1 - - [07/Mar/2022:16:44:17 +0000] "POST /cart HTTP/1.1" 200 36 "http://localhost:3000/" "Mozilla/5.0 (Windows NT 10.0; Win64; x64) AppleWebKit/537.36 (KHTML, like Gecko) Chrome/99.0.4844.51 Safari/537.36"
::1 - - [07/Mar/2022:16:44:55 +0000] "OPTIONS /add-product HTTP/1.1" 200 4 "http://localhost:3000/" "Mozilla/5.0 (Windows NT 10.0; Win64; x64) AppleWebKit/537.36 (KHTML, like Gecko) Chrome/99.0.4844.51 Safari/537.36"
::1 - - [07/Mar/2022:16:44:55 +0000] "POST /add-product HTTP/1.1" 200 467 "http://localhost:3000/" "Mozilla/5.0 (Windows NT 10.0; Win64; x64) AppleWebKit/537.36 (KHTML, like Gecko) Chrome/99.0.4844.51 Safari/537.36"
::1 - - [07/Mar/2022:16:46:35 +0000] "OPTIONS /cart HTTP/1.1" 200 4 "http://localhost:3000/" "Mozilla/5.0 (Windows NT 10.0; Win64; x64) AppleWebKit/537.36 (KHTML, like Gecko) Chrome/99.0.4844.51 Safari/537.36"
::1 - - [07/Mar/2022:16:46:36 +0000] "POST /cart HTTP/1.1" 200 36 "http://localhost:3000/" "Mozilla/5.0 (Windows NT 10.0; Win64; x64) AppleWebKit/537.36 (KHTML, like Gecko) Chrome/99.0.4844.51 Safari/537.36"
::1 - - [07/Mar/2022:16:46:36 +0000] "POST /cart HTTP/1.1" 200 36 "http://localhost:3000/" "Mozilla/5.0 (Windows NT 10.0; Win64; x64) AppleWebKit/537.36 (KHTML, like Gecko) Chrome/99.0.4844.51 Safari/537.36"
::1 - - [07/Mar/2022:16:47:23 +0000] "OPTIONS /cart HTTP/1.1" 200 4 "http://localhost:3000/" "Mozilla/5.0 (Windows NT 10.0; Win64; x64) AppleWebKit/537.36 (KHTML, like Gecko) Chrome/99.0.4844.51 Safari/537.36"
::1 - - [07/Mar/2022:16:47:23 +0000] "POST /cart HTTP/1.1" 200 36 "http://localhost:3000/" "Mozilla/5.0 (Windows NT 10.0; Win64; x64) AppleWebKit/537.36 (KHTML, like Gecko) Chrome/99.0.4844.51 Safari/537.36"
::1 - - [07/Mar/2022:16:47:40 +0000] "OPTIONS /cart HTTP/1.1" 200 4 "http://localhost:3000/" "Mozilla/5.0 (Windows NT 10.0; Win64; x64) AppleWebKit/537.36 (KHTML, like Gecko) Chrome/99.0.4844.51 Safari/537.36"
::1 - - [07/Mar/2022:16:47:40 +0000] "POST /cart HTTP/1.1" 200 36 "http://localhost:3000/" "Mozilla/5.0 (Windows NT 10.0; Win64; x64) AppleWebKit/537.36 (KHTML, like Gecko) Chrome/99.0.4844.51 Safari/537.36"
::1 - - [07/Mar/2022:16:48:08 +0000] "OPTIONS /add-product HTTP/1.1" 200 4 "http://localhost:3000/" "Mozilla/5.0 (Windows NT 10.0; Win64; x64) AppleWebKit/537.36 (KHTML, like Gecko) Chrome/99.0.4844.51 Safari/537.36"
::1 - - [07/Mar/2022:16:48:09 +0000] "POST /add-product HTTP/1.1" 200 467 "http://localhost:3000/" "Mozilla/5.0 (Windows NT 10.0; Win64; x64) AppleWebKit/537.36 (KHTML, like Gecko) Chrome/99.0.4844.51 Safari/537.36"
::1 - - [07/Mar/2022:18:12:08 +0000] "OPTIONS /cart HTTP/1.1" 200 4 "http://localhost:3000/" "Mozilla/5.0 (Windows NT 10.0; Win64; x64) AppleWebKit/537.36 (KHTML, like Gecko) Chrome/99.0.4844.51 Safari/537.36"
::1 - - [07/Mar/2022:18:12:08 +0000] "POST /cart HTTP/1.1" 200 36 "http://localhost:3000/" "Mozilla/5.0 (Windows NT 10.0; Win64; x64) AppleWebKit/537.36 (KHTML, like Gecko) Chrome/99.0.4844.51 Safari/537.36"
::1 - - [07/Mar/2022:18:13:02 +0000] "OPTIONS /add-product HTTP/1.1" 200 4 "http://localhost:3000/" "Mozilla/5.0 (Windows NT 10.0; Win64; x64) AppleWebKit/537.36 (KHTML, like Gecko) Chrome/99.0.4844.51 Safari/537.36"
::1 - - [07/Mar/2022:18:13:02 +0000] "POST /add-product HTTP/1.1" 200 470 "http://localhost:3000/" "Mozilla/5.0 (Windows NT 10.0; Win64; x64) AppleWebKit/537.36 (KHTML, like Gecko) Chrome/99.0.4844.51 Safari/537.36"
::1 - - [07/Mar/2022:18:16:54 +0000] "OPTIONS /cart HTTP/1.1" 200 4 "http://localhost:3000/" "Mozilla/5.0 (Windows NT 10.0; Win64; x64) AppleWebKit/537.36 (KHTML, like Gecko) Chrome/99.0.4844.51 Safari/537.36"
::1 - - [07/Mar/2022:18:16:55 +0000] "POST /cart HTTP/1.1" 200 36 "http://localhost:3000/" "Mozilla/5.0 (Windows NT 10.0; Win64; x64) AppleWebKit/537.36 (KHTML, like Gecko) Chrome/99.0.4844.51 Safari/537.36"
::1 - - [07/Mar/2022:18:17:22 +0000] "OPTIONS /add-product HTTP/1.1" 200 4 "http://localhost:3000/" "Mozilla/5.0 (Windows NT 10.0; Win64; x64) AppleWebKit/537.36 (KHTML, like Gecko) Chrome/99.0.4844.51 Safari/537.36"
::1 - - [07/Mar/2022:18:17:22 +0000] "POST /add-product HTTP/1.1" 200 458 "http://localhost:3000/" "Mozilla/5.0 (Windows NT 10.0; Win64; x64) AppleWebKit/537.36 (KHTML, like Gecko) Chrome/99.0.4844.51 Safari/537.36"
::1 - - [07/Mar/2022:18:17:42 +0000] "OPTIONS /cart HTTP/1.1" 200 4 "http://localhost:3000/" "Mozilla/5.0 (Windows NT 10.0; Win64; x64) AppleWebKit/537.36 (KHTML, like Gecko) Chrome/99.0.4844.51 Safari/537.36"
::1 - - [07/Mar/2022:18:17:43 +0000] "POST /cart HTTP/1.1" 200 36 "http://localhost:3000/" "Mozilla/5.0 (Windows NT 10.0; Win64; x64) AppleWebKit/537.36 (KHTML, like Gecko) Chrome/99.0.4844.51 Safari/537.36"
::1 - - [07/Mar/2022:18:17:43 +0000] "POST /cart HTTP/1.1" 200 36 "http://localhost:3000/" "Mozilla/5.0 (Windows NT 10.0; Win64; x64) AppleWebKit/537.36 (KHTML, like Gecko) Chrome/99.0.4844.51 Safari/537.36"
::1 - - [07/Mar/2022:18:18:31 +0000] "OPTIONS /cart HTTP/1.1" 200 4 "http://localhost:3000/" "Mozilla/5.0 (Windows NT 10.0; Win64; x64) AppleWebKit/537.36 (KHTML, like Gecko) Chrome/99.0.4844.51 Safari/537.36"
::1 - - [07/Mar/2022:18:18:31 +0000] "POST /cart HTTP/1.1" 200 36 "http://localhost:3000/" "Mozilla/5.0 (Windows NT 10.0; Win64; x64) AppleWebKit/537.36 (KHTML, like Gecko) Chrome/99.0.4844.51 Safari/537.36"
::1 - - [07/Mar/2022:18:18:32 +0000] "POST /cart HTTP/1.1" 200 36 "http://localhost:3000/" "Mozilla/5.0 (Windows NT 10.0; Win64; x64) AppleWebKit/537.36 (KHTML, like Gecko) Chrome/99.0.4844.51 Safari/537.36"
::1 - - [07/Mar/2022:18:18:35 +0000] "POST /cart HTTP/1.1" 200 36 "http://localhost:3000/" "Mozilla/5.0 (Windows NT 10.0; Win64; x64) AppleWebKit/537.36 (KHTML, like Gecko) Chrome/99.0.4844.51 Safari/537.36"
::1 - - [07/Mar/2022:18:22:58 +0000] "OPTIONS /cart HTTP/1.1" 200 4 "http://localhost:3000/" "Mozilla/5.0 (Windows NT 10.0; Win64; x64) AppleWebKit/537.36 (KHTML, like Gecko) Chrome/99.0.4844.51 Safari/537.36"
::1 - - [07/Mar/2022:18:23:00 +0000] "POST /cart HTTP/1.1" 200 36 "http://localhost:3000/" "Mozilla/5.0 (Windows NT 10.0; Win64; x64) AppleWebKit/537.36 (KHTML, like Gecko) Chrome/99.0.4844.51 Safari/537.36"
::1 - - [07/Mar/2022:18:23:25 +0000] "OPTIONS /add-product HTTP/1.1" 200 4 "http://localhost:3000/" "Mozilla/5.0 (Windows NT 10.0; Win64; x64) AppleWebKit/537.36 (KHTML, like Gecko) Chrome/99.0.4844.51 Safari/537.36"
::1 - - [07/Mar/2022:18:23:25 +0000] "POST /add-product HTTP/1.1" 200 470 "http://localhost:3000/" "Mozilla/5.0 (Windows NT 10.0; Win64; x64) AppleWebKit/537.36 (KHTML, like Gecko) Chrome/99.0.4844.51 Safari/537.36"
::1 - - [07/Mar/2022:18:25:50 +0000] "OPTIONS /cart HTTP/1.1" 200 4 "http://localhost:3000/" "Mozilla/5.0 (Windows NT 10.0; Win64; x64) AppleWebKit/537.36 (KHTML, like Gecko) Chrome/99.0.4844.51 Safari/537.36"
::1 - - [07/Mar/2022:18:25:50 +0000] "POST /cart HTTP/1.1" 200 36 "http://localhost:3000/" "Mozilla/5.0 (Windows NT 10.0; Win64; x64) AppleWebKit/537.36 (KHTML, like Gecko) Chrome/99.0.4844.51 Safari/537.36"
::1 - - [07/Mar/2022:18:26:13 +0000] "OPTIONS /cart HTTP/1.1" 200 4 "http://localhost:3000/" "Mozilla/5.0 (Windows NT 10.0; Win64; x64) AppleWebKit/537.36 (KHTML, like Gecko) Chrome/99.0.4844.51 Safari/537.36"
::1 - - [07/Mar/2022:18:26:13 +0000] "POST /cart HTTP/1.1" 200 36 "http://localhost:3000/" "Mozilla/5.0 (Windows NT 10.0; Win64; x64) AppleWebKit/537.36 (KHTML, like Gecko) Chrome/99.0.4844.51 Safari/537.36"
::1 - - [07/Mar/2022:18:26:34 +0000] "OPTIONS /add-product HTTP/1.1" 200 4 "http://localhost:3000/" "Mozilla/5.0 (Windows NT 10.0; Win64; x64) AppleWebKit/537.36 (KHTML, like Gecko) Chrome/99.0.4844.51 Safari/537.36"
::1 - - [07/Mar/2022:18:26:34 +0000] "POST /add-product HTTP/1.1" 200 470 "http://localhost:3000/" "Mozilla/5.0 (Windows NT 10.0; Win64; x64) AppleWebKit/537.36 (KHTML, like Gecko) Chrome/99.0.4844.51 Safari/537.36"
::1 - - [07/Mar/2022:18:27:09 +0000] "OPTIONS /cart HTTP/1.1" 200 4 "http://localhost:3000/" "Mozilla/5.0 (Windows NT 10.0; Win64; x64) AppleWebKit/537.36 (KHTML, like Gecko) Chrome/99.0.4844.51 Safari/537.36"
::1 - - [07/Mar/2022:18:27:09 +0000] "POST /cart HTTP/1.1" 200 36 "http://localhost:3000/" "Mozilla/5.0 (Windows NT 10.0; Win64; x64) AppleWebKit/537.36 (KHTML, like Gecko) Chrome/99.0.4844.51 Safari/537.36"
::1 - - [07/Mar/2022:18:27:39 +0000] "OPTIONS /cart HTTP/1.1" 200 4 "http://localhost:3000/" "Mozilla/5.0 (Windows NT 10.0; Win64; x64) AppleWebKit/537.36 (KHTML, like Gecko) Chrome/99.0.4844.51 Safari/537.36"
::1 - - [07/Mar/2022:18:27:39 +0000] "POST /cart HTTP/1.1" 200 36 "http://localhost:3000/" "Mozilla/5.0 (Windows NT 10.0; Win64; x64) AppleWebKit/537.36 (KHTML, like Gecko) Chrome/99.0.4844.51 Safari/537.36"
::1 - - [07/Mar/2022:18:27:41 +0000] "POST /cart HTTP/1.1" 200 36 "http://localhost:3000/" "Mozilla/5.0 (Windows NT 10.0; Win64; x64) AppleWebKit/537.36 (KHTML, like Gecko) Chrome/99.0.4844.51 Safari/537.36"
::1 - - [07/Mar/2022:18:28:16 +0000] "OPTIONS /cart HTTP/1.1" 200 4 "http://localhost:3000/" "Mozilla/5.0 (Windows NT 10.0; Win64; x64) AppleWebKit/537.36 (KHTML, like Gecko) Chrome/99.0.4844.51 Safari/537.36"
::1 - - [07/Mar/2022:18:28:16 +0000] "POST /cart HTTP/1.1" 200 36 "http://localhost:3000/" "Mozilla/5.0 (Windows NT 10.0; Win64; x64) AppleWebKit/537.36 (KHTML, like Gecko) Chrome/99.0.4844.51 Safari/537.36"
::1 - - [07/Mar/2022:18:28:17 +0000] "POST /cart HTTP/1.1" 200 36 "http://localhost:3000/" "Mozilla/5.0 (Windows NT 10.0; Win64; x64) AppleWebKit/537.36 (KHTML, like Gecko) Chrome/99.0.4844.51 Safari/537.36"
::1 - - [07/Mar/2022:18:28:35 +0000] "OPTIONS /cart HTTP/1.1" 200 4 "http://localhost:3000/" "Mozilla/5.0 (Windows NT 10.0; Win64; x64) AppleWebKit/537.36 (KHTML, like Gecko) Chrome/99.0.4844.51 Safari/537.36"
::1 - - [07/Mar/2022:18:28:35 +0000] "POST /cart HTTP/1.1" 200 36 "http://localhost:3000/" "Mozilla/5.0 (Windows NT 10.0; Win64; x64) AppleWebKit/537.36 (KHTML, like Gecko) Chrome/99.0.4844.51 Safari/537.36"
::1 - - [07/Mar/2022:18:29:04 +0000] "OPTIONS /add-product HTTP/1.1" 200 4 "http://localhost:3000/" "Mozilla/5.0 (Windows NT 10.0; Win64; x64) AppleWebKit/537.36 (KHTML, like Gecko) Chrome/99.0.4844.51 Safari/537.36"
::1 - - [07/Mar/2022:18:29:04 +0000] "POST /add-product HTTP/1.1" 200 468 "http://localhost:3000/" "Mozilla/5.0 (Windows NT 10.0; Win64; x64) AppleWebKit/537.36 (KHTML, like Gecko) Chrome/99.0.4844.51 Safari/537.36"
::1 - - [07/Mar/2022:18:46:06 +0000] "OPTIONS /cart HTTP/1.1" 200 4 "http://localhost:3000/" "Mozilla/5.0 (Windows NT 10.0; Win64; x64) AppleWebKit/537.36 (KHTML, like Gecko) Chrome/99.0.4844.51 Safari/537.36"
::1 - - [07/Mar/2022:18:46:06 +0000] "POST /cart HTTP/1.1" 200 36 "http://localhost:3000/" "Mozilla/5.0 (Windows NT 10.0; Win64; x64) AppleWebKit/537.36 (KHTML, like Gecko) Chrome/99.0.4844.51 Safari/537.36"
::1 - - [07/Mar/2022:18:46:08 +0000] "GET /home-products HTTP/1.1" 304 - "http://localhost:3000/" "Mozilla/5.0 (Windows NT 10.0; Win64; x64) AppleWebKit/537.36 (KHTML, like Gecko) Chrome/99.0.4844.51 Safari/537.36"
::1 - - [07/Mar/2022:18:46:09 +0000] "GET /home-products HTTP/1.1" 304 - "http://localhost:3000/" "Mozilla/5.0 (Windows NT 10.0; Win64; x64) AppleWebKit/537.36 (KHTML, like Gecko) Chrome/99.0.4844.51 Safari/537.36"
::1 - - [07/Mar/2022:18:51:03 +0000] "OPTIONS /cart HTTP/1.1" 200 4 "http://localhost:3000/" "Mozilla/5.0 (Windows NT 10.0; Win64; x64) AppleWebKit/537.36 (KHTML, like Gecko) Chrome/99.0.4844.51 Safari/537.36"
::1 - - [07/Mar/2022:18:51:03 +0000] "POST /cart HTTP/1.1" 200 36 "http://localhost:3000/" "Mozilla/5.0 (Windows NT 10.0; Win64; x64) AppleWebKit/537.36 (KHTML, like Gecko) Chrome/99.0.4844.51 Safari/537.36"
::1 - - [07/Mar/2022:18:51:32 +0000] "OPTIONS /cart HTTP/1.1" 200 4 "http://localhost:3000/" "Mozilla/5.0 (Windows NT 10.0; Win64; x64) AppleWebKit/537.36 (KHTML, like Gecko) Chrome/99.0.4844.51 Safari/537.36"
::1 - - [07/Mar/2022:18:51:32 +0000] "POST /cart HTTP/1.1" 200 36 "http://localhost:3000/" "Mozilla/5.0 (Windows NT 10.0; Win64; x64) AppleWebKit/537.36 (KHTML, like Gecko) Chrome/99.0.4844.51 Safari/537.36"
::1 - - [07/Mar/2022:18:52:48 +0000] "OPTIONS /cart HTTP/1.1" 200 4 "http://localhost:3000/" "Mozilla/5.0 (Windows NT 10.0; Win64; x64) AppleWebKit/537.36 (KHTML, like Gecko) Chrome/99.0.4844.51 Safari/537.36"
::1 - - [07/Mar/2022:18:52:48 +0000] "POST /cart HTTP/1.1" 200 36 "http://localhost:3000/" "Mozilla/5.0 (Windows NT 10.0; Win64; x64) AppleWebKit/537.36 (KHTML, like Gecko) Chrome/99.0.4844.51 Safari/537.36"
::1 - - [07/Mar/2022:18:54:37 +0000] "OPTIONS /cart HTTP/1.1" 200 4 "http://localhost:3000/" "Mozilla/5.0 (Windows NT 10.0; Win64; x64) AppleWebKit/537.36 (KHTML, like Gecko) Chrome/99.0.4844.51 Safari/537.36"
::1 - - [07/Mar/2022:18:54:37 +0000] "POST /cart HTTP/1.1" 200 36 "http://localhost:3000/" "Mozilla/5.0 (Windows NT 10.0; Win64; x64) AppleWebKit/537.36 (KHTML, like Gecko) Chrome/99.0.4844.51 Safari/537.36"
::1 - - [07/Mar/2022:18:54:47 +0000] "OPTIONS /cart HTTP/1.1" 200 4 "http://localhost:3000/" "Mozilla/5.0 (Windows NT 10.0; Win64; x64) AppleWebKit/537.36 (KHTML, like Gecko) Chrome/99.0.4844.51 Safari/537.36"
::1 - - [07/Mar/2022:18:54:47 +0000] "POST /cart HTTP/1.1" 200 36 "http://localhost:3000/" "Mozilla/5.0 (Windows NT 10.0; Win64; x64) AppleWebKit/537.36 (KHTML, like Gecko) Chrome/99.0.4844.51 Safari/537.36"
::1 - - [07/Mar/2022:18:55:01 +0000] "OPTIONS /cart HTTP/1.1" 200 4 "http://localhost:3000/" "Mozilla/5.0 (Windows NT 10.0; Win64; x64) AppleWebKit/537.36 (KHTML, like Gecko) Chrome/99.0.4844.51 Safari/537.36"
::1 - - [07/Mar/2022:18:55:01 +0000] "POST /cart HTTP/1.1" 200 36 "http://localhost:3000/" "Mozilla/5.0 (Windows NT 10.0; Win64; x64) AppleWebKit/537.36 (KHTML, like Gecko) Chrome/99.0.4844.51 Safari/537.36"
::1 - - [07/Mar/2022:18:55:15 +0000] "OPTIONS /cart HTTP/1.1" 200 4 "http://localhost:3000/" "Mozilla/5.0 (Windows NT 10.0; Win64; x64) AppleWebKit/537.36 (KHTML, like Gecko) Chrome/99.0.4844.51 Safari/537.36"
::1 - - [07/Mar/2022:18:55:15 +0000] "POST /cart HTTP/1.1" 200 36 "http://localhost:3000/" "Mozilla/5.0 (Windows NT 10.0; Win64; x64) AppleWebKit/537.36 (KHTML, like Gecko) Chrome/99.0.4844.51 Safari/537.36"
::1 - - [07/Mar/2022:18:55:27 +0000] "OPTIONS /cart HTTP/1.1" 200 4 "http://localhost:3000/" "Mozilla/5.0 (Windows NT 10.0; Win64; x64) AppleWebKit/537.36 (KHTML, like Gecko) Chrome/99.0.4844.51 Safari/537.36"
::1 - - [07/Mar/2022:18:55:28 +0000] "GET /home-products HTTP/1.1" 304 - "http://localhost:3000/" "Mozilla/5.0 (Windows NT 10.0; Win64; x64) AppleWebKit/537.36 (KHTML, like Gecko) Chrome/99.0.4844.51 Safari/537.36"
::1 - - [07/Mar/2022:18:55:28 +0000] "POST /cart HTTP/1.1" 200 36 "http://localhost:3000/" "Mozilla/5.0 (Windows NT 10.0; Win64; x64) AppleWebKit/537.36 (KHTML, like Gecko) Chrome/99.0.4844.51 Safari/537.36"
::1 - - [07/Mar/2022:18:55:28 +0000] "GET /home-products HTTP/1.1" 304 - "http://localhost:3000/" "Mozilla/5.0 (Windows NT 10.0; Win64; x64) AppleWebKit/537.36 (KHTML, like Gecko) Chrome/99.0.4844.51 Safari/537.36"
::1 - - [07/Mar/2022:18:57:01 +0000] "OPTIONS /add-product HTTP/1.1" 200 4 "http://localhost:3000/" "Mozilla/5.0 (Windows NT 10.0; Win64; x64) AppleWebKit/537.36 (KHTML, like Gecko) Chrome/99.0.4844.51 Safari/537.36"
::1 - - [07/Mar/2022:18:57:01 +0000] "POST /add-product HTTP/1.1" 200 40 "http://localhost:3000/" "Mozilla/5.0 (Windows NT 10.0; Win64; x64) AppleWebKit/537.36 (KHTML, like Gecko) Chrome/99.0.4844.51 Safari/537.36"
::1 - - [07/Mar/2022:18:58:13 +0000] "OPTIONS /cart HTTP/1.1" 200 4 "http://localhost:3000/" "Mozilla/5.0 (Windows NT 10.0; Win64; x64) AppleWebKit/537.36 (KHTML, like Gecko) Chrome/99.0.4844.51 Safari/537.36"
::1 - - [07/Mar/2022:18:58:13 +0000] "POST /cart HTTP/1.1" 200 36 "http://localhost:3000/" "Mozilla/5.0 (Windows NT 10.0; Win64; x64) AppleWebKit/537.36 (KHTML, like Gecko) Chrome/99.0.4844.51 Safari/537.36"
::1 - - [07/Mar/2022:18:58:14 +0000] "POST /cart HTTP/1.1" 200 36 "http://localhost:3000/" "Mozilla/5.0 (Windows NT 10.0; Win64; x64) AppleWebKit/537.36 (KHTML, like Gecko) Chrome/99.0.4844.51 Safari/537.36"
::1 - - [07/Mar/2022:18:59:09 +0000] "OPTIONS /cart HTTP/1.1" 200 4 "http://localhost:3000/" "Mozilla/5.0 (Windows NT 10.0; Win64; x64) AppleWebKit/537.36 (KHTML, like Gecko) Chrome/99.0.4844.51 Safari/537.36"
::1 - - [07/Mar/2022:18:59:10 +0000] "POST /cart HTTP/1.1" 200 36 "http://localhost:3000/" "Mozilla/5.0 (Windows NT 10.0; Win64; x64) AppleWebKit/537.36 (KHTML, like Gecko) Chrome/99.0.4844.51 Safari/537.36"
::1 - - [07/Mar/2022:18:59:11 +0000] "POST /cart HTTP/1.1" 200 36 "http://localhost:3000/" "Mozilla/5.0 (Windows NT 10.0; Win64; x64) AppleWebKit/537.36 (KHTML, like Gecko) Chrome/99.0.4844.51 Safari/537.36"
::1 - - [07/Mar/2022:18:59:27 +0000] "OPTIONS /cart HTTP/1.1" 200 4 "http://localhost:3000/" "Mozilla/5.0 (Windows NT 10.0; Win64; x64) AppleWebKit/537.36 (KHTML, like Gecko) Chrome/99.0.4844.51 Safari/537.36"
::1 - - [07/Mar/2022:18:59:27 +0000] "POST /cart HTTP/1.1" 200 36 "http://localhost:3000/" "Mozilla/5.0 (Windows NT 10.0; Win64; x64) AppleWebKit/537.36 (KHTML, like Gecko) Chrome/99.0.4844.51 Safari/537.36"
::1 - - [07/Mar/2022:18:59:28 +0000] "POST /cart HTTP/1.1" 200 36 "http://localhost:3000/" "Mozilla/5.0 (Windows NT 10.0; Win64; x64) AppleWebKit/537.36 (KHTML, like Gecko) Chrome/99.0.4844.51 Safari/537.36"
::1 - - [07/Mar/2022:18:59:28 +0000] "POST /cart HTTP/1.1" 200 36 "http://localhost:3000/" "Mozilla/5.0 (Windows NT 10.0; Win64; x64) AppleWebKit/537.36 (KHTML, like Gecko) Chrome/99.0.4844.51 Safari/537.36"
::1 - - [07/Mar/2022:18:59:28 +0000] "POST /cart HTTP/1.1" 200 36 "http://localhost:3000/" "Mozilla/5.0 (Windows NT 10.0; Win64; x64) AppleWebKit/537.36 (KHTML, like Gecko) Chrome/99.0.4844.51 Safari/537.36"
::1 - - [07/Mar/2022:18:59:42 +0000] "OPTIONS /cart HTTP/1.1" 200 4 "http://localhost:3000/" "Mozilla/5.0 (Windows NT 10.0; Win64; x64) AppleWebKit/537.36 (KHTML, like Gecko) Chrome/99.0.4844.51 Safari/537.36"
::1 - - [07/Mar/2022:18:59:42 +0000] "POST /cart HTTP/1.1" 200 36 "http://localhost:3000/" "Mozilla/5.0 (Windows NT 10.0; Win64; x64) AppleWebKit/537.36 (KHTML, like Gecko) Chrome/99.0.4844.51 Safari/537.36"
::1 - - [07/Mar/2022:18:59:42 +0000] "POST /cart HTTP/1.1" 200 36 "http://localhost:3000/" "Mozilla/5.0 (Windows NT 10.0; Win64; x64) AppleWebKit/537.36 (KHTML, like Gecko) Chrome/99.0.4844.51 Safari/537.36"
::1 - - [07/Mar/2022:18:59:43 +0000] "POST /cart HTTP/1.1" 200 36 "http://localhost:3000/" "Mozilla/5.0 (Windows NT 10.0; Win64; x64) AppleWebKit/537.36 (KHTML, like Gecko) Chrome/99.0.4844.51 Safari/537.36"
::1 - - [07/Mar/2022:18:59:44 +0000] "POST /cart HTTP/1.1" 200 36 "http://localhost:3000/" "Mozilla/5.0 (Windows NT 10.0; Win64; x64) AppleWebKit/537.36 (KHTML, like Gecko) Chrome/99.0.4844.51 Safari/537.36"
::1 - - [07/Mar/2022:19:00:04 +0000] "OPTIONS /cart HTTP/1.1" 200 4 "http://localhost:3000/" "Mozilla/5.0 (Windows NT 10.0; Win64; x64) AppleWebKit/537.36 (KHTML, like Gecko) Chrome/99.0.4844.51 Safari/537.36"
::1 - - [07/Mar/2022:19:00:05 +0000] "POST /cart HTTP/1.1" 200 36 "http://localhost:3000/" "Mozilla/5.0 (Windows NT 10.0; Win64; x64) AppleWebKit/537.36 (KHTML, like Gecko) Chrome/99.0.4844.51 Safari/537.36"
::1 - - [07/Mar/2022:19:00:05 +0000] "POST /cart HTTP/1.1" 200 36 "http://localhost:3000/" "Mozilla/5.0 (Windows NT 10.0; Win64; x64) AppleWebKit/537.36 (KHTML, like Gecko) Chrome/99.0.4844.51 Safari/537.36"
::1 - - [07/Mar/2022:19:00:11 +0000] "OPTIONS /cart HTTP/1.1" 200 4 "http://localhost:3000/" "Mozilla/5.0 (Windows NT 10.0; Win64; x64) AppleWebKit/537.36 (KHTML, like Gecko) Chrome/99.0.4844.51 Safari/537.36"
::1 - - [07/Mar/2022:19:00:11 +0000] "POST /cart HTTP/1.1" 200 36 "http://localhost:3000/" "Mozilla/5.0 (Windows NT 10.0; Win64; x64) AppleWebKit/537.36 (KHTML, like Gecko) Chrome/99.0.4844.51 Safari/537.36"
::1 - - [07/Mar/2022:19:00:40 +0000] "OPTIONS /cart HTTP/1.1" 200 4 "http://localhost:3000/" "Mozilla/5.0 (Windows NT 10.0; Win64; x64) AppleWebKit/537.36 (KHTML, like Gecko) Chrome/99.0.4844.51 Safari/537.36"
::1 - - [07/Mar/2022:19:00:40 +0000] "POST /cart HTTP/1.1" 200 36 "http://localhost:3000/" "Mozilla/5.0 (Windows NT 10.0; Win64; x64) AppleWebKit/537.36 (KHTML, like Gecko) Chrome/99.0.4844.51 Safari/537.36"
::1 - - [07/Mar/2022:19:03:39 +0000] "OPTIONS /add-product HTTP/1.1" 200 4 "http://localhost:3000/" "Mozilla/5.0 (Windows NT 10.0; Win64; x64) AppleWebKit/537.36 (KHTML, like Gecko) Chrome/99.0.4844.51 Safari/537.36"
::1 - - [07/Mar/2022:19:03:39 +0000] "POST /add-product HTTP/1.1" 200 40 "http://localhost:3000/" "Mozilla/5.0 (Windows NT 10.0; Win64; x64) AppleWebKit/537.36 (KHTML, like Gecko) Chrome/99.0.4844.51 Safari/537.36"
::1 - - [07/Mar/2022:19:05:52 +0000] "OPTIONS /cart HTTP/1.1" 200 4 "http://localhost:3000/" "Mozilla/5.0 (Windows NT 10.0; Win64; x64) AppleWebKit/537.36 (KHTML, like Gecko) Chrome/99.0.4844.51 Safari/537.36"
::1 - - [07/Mar/2022:19:05:52 +0000] "POST /cart HTTP/1.1" 200 36 "http://localhost:3000/" "Mozilla/5.0 (Windows NT 10.0; Win64; x64) AppleWebKit/537.36 (KHTML, like Gecko) Chrome/99.0.4844.51 Safari/537.36"
